<?xml version="1.0" encoding="UTF-8"?>
<!-- Generated by org.testng.reporters.JUnitReportReporter -->
<testsuite hostname="Avijeet-Desktop" failures="0" tests="1" name="com.bridgelabz.SeliniumAutomation.LaunchBrowser" time="16.481" errors="0" timestamp="2022-07-04T22:47:30 IST" skipped="0">
  <testcase classname="com.bridgelabz.SeliniumAutomation.LaunchBrowser" name="launchBrowser" time="16.481"/>
  <system-out/>
</testsuite> <!-- com.bridgelabz.SeliniumAutomation.LaunchBrowser -->
