<?xml version="1.0" encoding="UTF-8"?>
<!-- Generated by org.testng.reporters.JUnitReportReporter -->
<testsuite hostname="Avijeet-Desktop" failures="0" tests="1" name="com.bridgelabz.SeleniumAutomation.LaunchBrowser" time="32.030" errors="0" timestamp="2022-07-06T21:42:49 IST" skipped="0">
  <testcase classname="com.bridgelabz.SeleniumAutomation.LaunchBrowser" name="launchBrowser" time="32.030"/>
  <system-out/>
</testsuite> <!-- com.bridgelabz.SeleniumAutomation.LaunchBrowser -->
